{"level":"\u001b[31mERROR\u001b[0m","time":"2024-05-16T00:18:34.509+0700","logger":"MYSQL","message":"error opening database connection","error":"sql: unknown driver \"mysql\" (forgotten import?)"}
{"level":"\u001b[31mERROR\u001b[0m","time":"2024-05-16T00:18:39.512+0700","logger":"MYSQL","message":"error opening database connection","error":"sql: unknown driver \"mysql\" (forgotten import?)"}
{"level":"\u001b[31mERROR\u001b[0m","time":"2024-05-16T00:18:44.516+0700","logger":"MYSQL","message":"error opening database connection","error":"sql: unknown driver \"mysql\" (forgotten import?)"}
{"level":"\u001b[31mERROR\u001b[0m","time":"2024-05-16T00:18:49.520+0700","logger":"MYSQL","message":"error opening database connection","error":"sql: unknown driver \"mysql\" (forgotten import?)"}
{"level":"\u001b[31mERROR\u001b[0m","time":"2024-05-16T00:18:54.525+0700","logger":"MYSQL","message":"error opening database connection","error":"sql: unknown driver \"mysql\" (forgotten import?)"}
{"level":"\u001b[31mERROR\u001b[0m","time":"2024-05-16T00:18:59.528+0700","logger":"MYSQL","message":"error opening database connection","error":"sql: unknown driver \"mysql\" (forgotten import?)"}
{"level":"\u001b[31mERROR\u001b[0m","time":"2024-05-16T00:19:04.532+0700","logger":"MYSQL","message":"error opening database connection","error":"sql: unknown driver \"mysql\" (forgotten import?)"}
{"level":"\u001b[31mERROR\u001b[0m","time":"2024-05-16T00:19:09.536+0700","logger":"MYSQL","message":"error opening database connection","error":"sql: unknown driver \"mysql\" (forgotten import?)"}
{"level":"\u001b[31mERROR\u001b[0m","time":"2024-05-16T00:19:14.540+0700","logger":"MYSQL","message":"error opening database connection","error":"sql: unknown driver \"mysql\" (forgotten import?)"}
{"level":"\u001b[31mERROR\u001b[0m","time":"2024-05-16T00:19:19.544+0700","logger":"MYSQL","message":"error opening database connection","error":"sql: unknown driver \"mysql\" (forgotten import?)"}
{"level":"\u001b[31mERROR\u001b[0m","time":"2024-05-16T00:19:24.548+0700","logger":"MYSQL","message":"error opening database connection","error":"sql: unknown driver \"mysql\" (forgotten import?)"}
{"level":"\u001b[31mERROR\u001b[0m","time":"2024-05-16T00:19:29.552+0700","logger":"MYSQL","message":"error opening database connection","error":"sql: unknown driver \"mysql\" (forgotten import?)"}
{"level":"\u001b[31mERROR\u001b[0m","time":"2024-05-16T00:19:34.555+0700","logger":"MYSQL","message":"error opening database connection","error":"sql: unknown driver \"mysql\" (forgotten import?)"}
{"level":"\u001b[31mERROR\u001b[0m","time":"2024-05-16T00:19:39.556+0700","logger":"MYSQL","message":"error opening database connection","error":"sql: unknown driver \"mysql\" (forgotten import?)"}
{"level":"\u001b[31mERROR\u001b[0m","time":"2024-05-16T00:19:44.560+0700","logger":"MYSQL","message":"error opening database connection","error":"sql: unknown driver \"mysql\" (forgotten import?)"}
{"level":"\u001b[31mERROR\u001b[0m","time":"2024-05-16T00:19:49.564+0700","logger":"MYSQL","message":"error opening database connection","error":"sql: unknown driver \"mysql\" (forgotten import?)"}
{"level":"\u001b[31mERROR\u001b[0m","time":"2024-05-16T00:20:02.923+0700","logger":"MYSQL","message":"error pinging database","error":"Error 1049 (42000): Unknown database 'fyi'"}
{"level":"\u001b[31mERROR\u001b[0m","time":"2024-05-16T00:20:07.925+0700","logger":"MYSQL","message":"error pinging database","error":"Error 1049 (42000): Unknown database 'fyi'"}
{"level":"\u001b[31mERROR\u001b[0m","time":"2024-05-16T00:20:12.929+0700","logger":"MYSQL","message":"error pinging database","error":"Error 1049 (42000): Unknown database 'fyi'"}
{"level":"\u001b[31mERROR\u001b[0m","time":"2024-05-16T00:20:17.934+0700","logger":"MYSQL","message":"error pinging database","error":"Error 1049 (42000): Unknown database 'fyi'"}
{"level":"\u001b[31mERROR\u001b[0m","time":"2024-05-16T00:20:22.941+0700","logger":"MYSQL","message":"error pinging database","error":"Error 1049 (42000): Unknown database 'fyi'"}
{"level":"\u001b[31mERROR\u001b[0m","time":"2024-05-16T00:20:27.946+0700","logger":"MYSQL","message":"error pinging database","error":"Error 1049 (42000): Unknown database 'fyi'"}
{"level":"\u001b[31mERROR\u001b[0m","time":"2024-05-16T00:20:32.951+0700","logger":"MYSQL","message":"error pinging database","error":"Error 1049 (42000): Unknown database 'fyi'"}
{"level":"\u001b[31mERROR\u001b[0m","time":"2024-05-16T00:20:37.955+0700","logger":"MYSQL","message":"error pinging database","error":"Error 1049 (42000): Unknown database 'fyi'"}
{"level":"\u001b[31mERROR\u001b[0m","time":"2024-05-16T00:20:42.958+0700","logger":"MYSQL","message":"error pinging database","error":"Error 1049 (42000): Unknown database 'fyi'"}
{"level":"\u001b[31mERROR\u001b[0m","time":"2024-05-16T00:20:47.961+0700","logger":"MYSQL","message":"error pinging database","error":"Error 1049 (42000): Unknown database 'fyi'"}
{"level":"\u001b[31mERROR\u001b[0m","time":"2024-05-16T00:20:52.966+0700","logger":"MYSQL","message":"error pinging database","error":"Error 1049 (42000): Unknown database 'fyi'"}
{"level":"\u001b[31mERROR\u001b[0m","time":"2024-05-16T00:20:57.969+0700","logger":"MYSQL","message":"error pinging database","error":"Error 1049 (42000): Unknown database 'fyi'"}
{"level":"\u001b[31mERROR\u001b[0m","time":"2024-05-16T00:21:02.975+0700","logger":"MYSQL","message":"error pinging database","error":"Error 1049 (42000): Unknown database 'fyi'"}
{"level":"\u001b[31mERROR\u001b[0m","time":"2024-05-16T00:21:07.978+0700","logger":"MYSQL","message":"error pinging database","error":"Error 1049 (42000): Unknown database 'fyi'"}
{"level":"\u001b[31mERROR\u001b[0m","time":"2024-05-16T00:21:12.983+0700","logger":"MYSQL","message":"error pinging database","error":"Error 1049 (42000): Unknown database 'fyi'"}
{"level":"\u001b[34mINFO\u001b[0m","time":"2024-05-16T00:21:18.540+0700","logger":"MYSQL","message":"database checked/created successfully"}
{"level":"\u001b[31mERROR\u001b[0m","time":"2024-05-16T00:21:18.541+0700","logger":"MYSQL","message":"failed to execute migration","direction":0,"error":"Unknown dialect: "}
{"level":"\u001b[31mERROR\u001b[0m","time":"2024-05-16T00:21:18.541+0700","logger":"MYSQL","message":"failed to execute database migrations","error":"Unknown dialect: "}
{"level":"\u001b[34mINFO\u001b[0m","time":"2024-05-16T00:21:23.557+0700","logger":"MYSQL","message":"database checked/created successfully"}
{"level":"\u001b[31mERROR\u001b[0m","time":"2024-05-16T00:21:23.560+0700","logger":"MYSQL","message":"failed to execute migration","direction":0,"error":"Unknown dialect: "}
{"level":"\u001b[31mERROR\u001b[0m","time":"2024-05-16T00:21:23.560+0700","logger":"MYSQL","message":"failed to execute database migrations","error":"Unknown dialect: "}
{"level":"\u001b[34mINFO\u001b[0m","time":"2024-05-16T00:21:28.573+0700","logger":"MYSQL","message":"database checked/created successfully"}
{"level":"\u001b[31mERROR\u001b[0m","time":"2024-05-16T00:21:28.575+0700","logger":"MYSQL","message":"failed to execute migration","direction":0,"error":"Unknown dialect: "}
{"level":"\u001b[31mERROR\u001b[0m","time":"2024-05-16T00:21:28.575+0700","logger":"MYSQL","message":"failed to execute database migrations","error":"Unknown dialect: "}
{"level":"\u001b[34mINFO\u001b[0m","time":"2024-05-16T00:21:33.587+0700","logger":"MYSQL","message":"database checked/created successfully"}
{"level":"\u001b[31mERROR\u001b[0m","time":"2024-05-16T00:21:33.588+0700","logger":"MYSQL","message":"failed to execute migration","direction":0,"error":"Unknown dialect: "}
{"level":"\u001b[31mERROR\u001b[0m","time":"2024-05-16T00:21:33.588+0700","logger":"MYSQL","message":"failed to execute database migrations","error":"Unknown dialect: "}
{"level":"\u001b[34mINFO\u001b[0m","time":"2024-05-16T00:21:38.604+0700","logger":"MYSQL","message":"database checked/created successfully"}
{"level":"\u001b[31mERROR\u001b[0m","time":"2024-05-16T00:21:38.607+0700","logger":"MYSQL","message":"failed to execute migration","direction":0,"error":"Unknown dialect: "}
{"level":"\u001b[31mERROR\u001b[0m","time":"2024-05-16T00:21:38.607+0700","logger":"MYSQL","message":"failed to execute database migrations","error":"Unknown dialect: "}
{"level":"\u001b[34mINFO\u001b[0m","time":"2024-05-16T00:21:43.623+0700","logger":"MYSQL","message":"database checked/created successfully"}
{"level":"\u001b[31mERROR\u001b[0m","time":"2024-05-16T00:21:43.626+0700","logger":"MYSQL","message":"failed to execute migration","direction":0,"error":"Unknown dialect: "}
{"level":"\u001b[31mERROR\u001b[0m","time":"2024-05-16T00:21:43.626+0700","logger":"MYSQL","message":"failed to execute database migrations","error":"Unknown dialect: "}
{"level":"\u001b[34mINFO\u001b[0m","time":"2024-05-16T00:21:48.641+0700","logger":"MYSQL","message":"database checked/created successfully"}
{"level":"\u001b[31mERROR\u001b[0m","time":"2024-05-16T00:21:48.644+0700","logger":"MYSQL","message":"failed to execute migration","direction":0,"error":"Unknown dialect: "}
{"level":"\u001b[31mERROR\u001b[0m","time":"2024-05-16T00:21:48.644+0700","logger":"MYSQL","message":"failed to execute database migrations","error":"Unknown dialect: "}
{"level":"\u001b[34mINFO\u001b[0m","time":"2024-05-16T00:21:53.659+0700","logger":"MYSQL","message":"database checked/created successfully"}
{"level":"\u001b[31mERROR\u001b[0m","time":"2024-05-16T00:21:53.662+0700","logger":"MYSQL","message":"failed to execute migration","direction":0,"error":"Unknown dialect: "}
{"level":"\u001b[31mERROR\u001b[0m","time":"2024-05-16T00:21:53.662+0700","logger":"MYSQL","message":"failed to execute database migrations","error":"Unknown dialect: "}
{"level":"\u001b[34mINFO\u001b[0m","time":"2024-05-16T00:21:58.678+0700","logger":"MYSQL","message":"database checked/created successfully"}
{"level":"\u001b[31mERROR\u001b[0m","time":"2024-05-16T00:21:58.680+0700","logger":"MYSQL","message":"failed to execute migration","direction":0,"error":"Unknown dialect: "}
{"level":"\u001b[31mERROR\u001b[0m","time":"2024-05-16T00:21:58.680+0700","logger":"MYSQL","message":"failed to execute database migrations","error":"Unknown dialect: "}
{"level":"\u001b[34mINFO\u001b[0m","time":"2024-05-16T00:22:03.698+0700","logger":"MYSQL","message":"database checked/created successfully"}
{"level":"\u001b[31mERROR\u001b[0m","time":"2024-05-16T00:22:03.700+0700","logger":"MYSQL","message":"failed to execute migration","direction":0,"error":"Unknown dialect: "}
{"level":"\u001b[31mERROR\u001b[0m","time":"2024-05-16T00:22:03.700+0700","logger":"MYSQL","message":"failed to execute database migrations","error":"Unknown dialect: "}
{"level":"\u001b[34mINFO\u001b[0m","time":"2024-05-16T00:22:08.710+0700","logger":"MYSQL","message":"database checked/created successfully"}
{"level":"\u001b[31mERROR\u001b[0m","time":"2024-05-16T00:22:08.713+0700","logger":"MYSQL","message":"failed to execute migration","direction":0,"error":"Unknown dialect: "}
{"level":"\u001b[31mERROR\u001b[0m","time":"2024-05-16T00:22:08.713+0700","logger":"MYSQL","message":"failed to execute database migrations","error":"Unknown dialect: "}
{"level":"\u001b[34mINFO\u001b[0m","time":"2024-05-16T00:22:13.737+0700","logger":"MYSQL","message":"database checked/created successfully"}
{"level":"\u001b[31mERROR\u001b[0m","time":"2024-05-16T00:22:13.740+0700","logger":"MYSQL","message":"failed to execute migration","direction":0,"error":"Unknown dialect: "}
{"level":"\u001b[31mERROR\u001b[0m","time":"2024-05-16T00:22:13.740+0700","logger":"MYSQL","message":"failed to execute database migrations","error":"Unknown dialect: "}
{"level":"\u001b[34mINFO\u001b[0m","time":"2024-05-16T00:22:18.765+0700","logger":"MYSQL","message":"database checked/created successfully"}
{"level":"\u001b[31mERROR\u001b[0m","time":"2024-05-16T00:22:18.767+0700","logger":"MYSQL","message":"failed to execute migration","direction":0,"error":"Unknown dialect: "}
{"level":"\u001b[31mERROR\u001b[0m","time":"2024-05-16T00:22:18.768+0700","logger":"MYSQL","message":"failed to execute database migrations","error":"Unknown dialect: "}
{"level":"\u001b[34mINFO\u001b[0m","time":"2024-05-16T00:22:23.785+0700","logger":"MYSQL","message":"database checked/created successfully"}
{"level":"\u001b[31mERROR\u001b[0m","time":"2024-05-16T00:22:23.788+0700","logger":"MYSQL","message":"failed to execute migration","direction":0,"error":"Unknown dialect: "}
{"level":"\u001b[31mERROR\u001b[0m","time":"2024-05-16T00:22:23.788+0700","logger":"MYSQL","message":"failed to execute database migrations","error":"Unknown dialect: "}
{"level":"\u001b[34mINFO\u001b[0m","time":"2024-05-16T00:22:28.805+0700","logger":"MYSQL","message":"database checked/created successfully"}
{"level":"\u001b[31mERROR\u001b[0m","time":"2024-05-16T00:22:28.807+0700","logger":"MYSQL","message":"failed to execute migration","direction":0,"error":"Unknown dialect: "}
{"level":"\u001b[31mERROR\u001b[0m","time":"2024-05-16T00:22:28.807+0700","logger":"MYSQL","message":"failed to execute database migrations","error":"Unknown dialect: "}
{"level":"\u001b[34mINFO\u001b[0m","time":"2024-05-16T00:22:33.823+0700","logger":"MYSQL","message":"database checked/created successfully"}
{"level":"\u001b[31mERROR\u001b[0m","time":"2024-05-16T00:22:33.825+0700","logger":"MYSQL","message":"failed to execute migration","direction":0,"error":"Unknown dialect: "}
{"level":"\u001b[31mERROR\u001b[0m","time":"2024-05-16T00:22:33.825+0700","logger":"MYSQL","message":"failed to execute database migrations","error":"Unknown dialect: "}
{"level":"\u001b[34mINFO\u001b[0m","time":"2024-05-16T00:22:38.832+0700","logger":"MYSQL","message":"database checked/created successfully"}
{"level":"\u001b[31mERROR\u001b[0m","time":"2024-05-16T00:22:38.833+0700","logger":"MYSQL","message":"failed to execute migration","direction":0,"error":"Unknown dialect: "}
{"level":"\u001b[31mERROR\u001b[0m","time":"2024-05-16T00:22:38.833+0700","logger":"MYSQL","message":"failed to execute database migrations","error":"Unknown dialect: "}
{"level":"\u001b[34mINFO\u001b[0m","time":"2024-05-16T00:22:43.848+0700","logger":"MYSQL","message":"database checked/created successfully"}
{"level":"\u001b[31mERROR\u001b[0m","time":"2024-05-16T00:22:43.850+0700","logger":"MYSQL","message":"failed to execute migration","direction":0,"error":"Unknown dialect: "}
{"level":"\u001b[31mERROR\u001b[0m","time":"2024-05-16T00:22:43.850+0700","logger":"MYSQL","message":"failed to execute database migrations","error":"Unknown dialect: "}
{"level":"\u001b[34mINFO\u001b[0m","time":"2024-05-16T00:22:48.865+0700","logger":"MYSQL","message":"database checked/created successfully"}
{"level":"\u001b[31mERROR\u001b[0m","time":"2024-05-16T00:22:48.867+0700","logger":"MYSQL","message":"failed to execute migration","direction":0,"error":"Unknown dialect: "}
{"level":"\u001b[31mERROR\u001b[0m","time":"2024-05-16T00:22:48.868+0700","logger":"MYSQL","message":"failed to execute database migrations","error":"Unknown dialect: "}
{"level":"\u001b[34mINFO\u001b[0m","time":"2024-05-16T00:22:53.877+0700","logger":"MYSQL","message":"database checked/created successfully"}
{"level":"\u001b[31mERROR\u001b[0m","time":"2024-05-16T00:22:53.878+0700","logger":"MYSQL","message":"failed to execute migration","direction":0,"error":"Unknown dialect: "}
{"level":"\u001b[31mERROR\u001b[0m","time":"2024-05-16T00:22:53.878+0700","logger":"MYSQL","message":"failed to execute database migrations","error":"Unknown dialect: "}
{"level":"\u001b[34mINFO\u001b[0m","time":"2024-05-16T00:22:58.892+0700","logger":"MYSQL","message":"database checked/created successfully"}
{"level":"\u001b[31mERROR\u001b[0m","time":"2024-05-16T00:22:58.896+0700","logger":"MYSQL","message":"failed to execute migration","direction":0,"error":"Unknown dialect: "}
{"level":"\u001b[31mERROR\u001b[0m","time":"2024-05-16T00:22:58.896+0700","logger":"MYSQL","message":"failed to execute database migrations","error":"Unknown dialect: "}
{"level":"\u001b[34mINFO\u001b[0m","time":"2024-05-16T00:23:03.707+0700","logger":"MYSQL","message":"database checked/created successfully"}
{"level":"\u001b[31mERROR\u001b[0m","time":"2024-05-16T00:23:03.708+0700","logger":"MYSQL","message":"failed to execute migration","direction":0,"error":"Unknown dialect: "}
{"level":"\u001b[31mERROR\u001b[0m","time":"2024-05-16T00:23:03.708+0700","logger":"MYSQL","message":"failed to execute database migrations","error":"Unknown dialect: "}
{"level":"\u001b[34mINFO\u001b[0m","time":"2024-05-16T00:23:08.732+0700","logger":"MYSQL","message":"database checked/created successfully"}
{"level":"\u001b[31mERROR\u001b[0m","time":"2024-05-16T00:23:08.734+0700","logger":"MYSQL","message":"failed to execute migration","direction":0,"error":"Unknown dialect: "}
{"level":"\u001b[31mERROR\u001b[0m","time":"2024-05-16T00:23:08.734+0700","logger":"MYSQL","message":"failed to execute database migrations","error":"Unknown dialect: "}
{"level":"\u001b[34mINFO\u001b[0m","time":"2024-05-16T00:23:13.740+0700","logger":"MYSQL","message":"database checked/created successfully"}
{"level":"\u001b[31mERROR\u001b[0m","time":"2024-05-16T00:23:13.741+0700","logger":"MYSQL","message":"failed to execute migration","direction":0,"error":"Unknown dialect: "}
{"level":"\u001b[31mERROR\u001b[0m","time":"2024-05-16T00:23:13.741+0700","logger":"MYSQL","message":"failed to execute database migrations","error":"Unknown dialect: "}
{"level":"\u001b[34mINFO\u001b[0m","time":"2024-05-16T00:23:18.757+0700","logger":"MYSQL","message":"database checked/created successfully"}
{"level":"\u001b[31mERROR\u001b[0m","time":"2024-05-16T00:23:18.759+0700","logger":"MYSQL","message":"failed to execute migration","direction":0,"error":"Unknown dialect: "}
{"level":"\u001b[31mERROR\u001b[0m","time":"2024-05-16T00:23:18.759+0700","logger":"MYSQL","message":"failed to execute database migrations","error":"Unknown dialect: "}
{"level":"\u001b[34mINFO\u001b[0m","time":"2024-05-16T00:23:23.782+0700","logger":"MYSQL","message":"database checked/created successfully"}
{"level":"\u001b[31mERROR\u001b[0m","time":"2024-05-16T00:23:23.785+0700","logger":"MYSQL","message":"failed to execute migration","direction":0,"error":"Unknown dialect: "}
{"level":"\u001b[31mERROR\u001b[0m","time":"2024-05-16T00:23:23.785+0700","logger":"MYSQL","message":"failed to execute database migrations","error":"Unknown dialect: "}
{"level":"\u001b[34mINFO\u001b[0m","time":"2024-05-16T00:23:28.800+0700","logger":"MYSQL","message":"database checked/created successfully"}
{"level":"\u001b[31mERROR\u001b[0m","time":"2024-05-16T00:23:28.803+0700","logger":"MYSQL","message":"failed to execute migration","direction":0,"error":"Unknown dialect: "}
{"level":"\u001b[31mERROR\u001b[0m","time":"2024-05-16T00:23:28.803+0700","logger":"MYSQL","message":"failed to execute database migrations","error":"Unknown dialect: "}
{"level":"\u001b[34mINFO\u001b[0m","time":"2024-05-16T00:23:33.818+0700","logger":"MYSQL","message":"database checked/created successfully"}
{"level":"\u001b[31mERROR\u001b[0m","time":"2024-05-16T00:23:33.821+0700","logger":"MYSQL","message":"failed to execute migration","direction":0,"error":"Unknown dialect: "}
{"level":"\u001b[31mERROR\u001b[0m","time":"2024-05-16T00:23:33.821+0700","logger":"MYSQL","message":"failed to execute database migrations","error":"Unknown dialect: "}
{"level":"\u001b[34mINFO\u001b[0m","time":"2024-05-16T00:23:38.829+0700","logger":"MYSQL","message":"database checked/created successfully"}
{"level":"\u001b[31mERROR\u001b[0m","time":"2024-05-16T00:23:38.831+0700","logger":"MYSQL","message":"failed to execute migration","direction":0,"error":"Unknown dialect: "}
{"level":"\u001b[31mERROR\u001b[0m","time":"2024-05-16T00:23:38.832+0700","logger":"MYSQL","message":"failed to execute database migrations","error":"Unknown dialect: "}
{"level":"\u001b[34mINFO\u001b[0m","time":"2024-05-16T00:23:43.845+0700","logger":"MYSQL","message":"database checked/created successfully"}
{"level":"\u001b[31mERROR\u001b[0m","time":"2024-05-16T00:23:43.847+0700","logger":"MYSQL","message":"failed to execute migration","direction":0,"error":"Unknown dialect: "}
{"level":"\u001b[31mERROR\u001b[0m","time":"2024-05-16T00:23:43.847+0700","logger":"MYSQL","message":"failed to execute database migrations","error":"Unknown dialect: "}
{"level":"\u001b[34mINFO\u001b[0m","time":"2024-05-16T00:23:48.859+0700","logger":"MYSQL","message":"database checked/created successfully"}
{"level":"\u001b[31mERROR\u001b[0m","time":"2024-05-16T00:23:48.860+0700","logger":"MYSQL","message":"failed to execute migration","direction":0,"error":"Unknown dialect: "}
{"level":"\u001b[31mERROR\u001b[0m","time":"2024-05-16T00:23:48.860+0700","logger":"MYSQL","message":"failed to execute database migrations","error":"Unknown dialect: "}
{"level":"\u001b[34mINFO\u001b[0m","time":"2024-05-16T00:23:53.867+0700","logger":"MYSQL","message":"database checked/created successfully"}
{"level":"\u001b[31mERROR\u001b[0m","time":"2024-05-16T00:23:53.868+0700","logger":"MYSQL","message":"failed to execute migration","direction":0,"error":"Unknown dialect: "}
{"level":"\u001b[31mERROR\u001b[0m","time":"2024-05-16T00:23:53.868+0700","logger":"MYSQL","message":"failed to execute database migrations","error":"Unknown dialect: "}
{"level":"\u001b[34mINFO\u001b[0m","time":"2024-05-16T00:23:58.874+0700","logger":"MYSQL","message":"database checked/created successfully"}
{"level":"\u001b[31mERROR\u001b[0m","time":"2024-05-16T00:23:58.875+0700","logger":"MYSQL","message":"failed to execute migration","direction":0,"error":"Unknown dialect: "}
{"level":"\u001b[31mERROR\u001b[0m","time":"2024-05-16T00:23:58.875+0700","logger":"MYSQL","message":"failed to execute database migrations","error":"Unknown dialect: "}
{"level":"\u001b[34mINFO\u001b[0m","time":"2024-05-16T00:24:03.879+0700","logger":"MYSQL","message":"database checked/created successfully"}
{"level":"\u001b[31mERROR\u001b[0m","time":"2024-05-16T00:24:03.880+0700","logger":"MYSQL","message":"failed to execute migration","direction":0,"error":"Unknown dialect: "}
{"level":"\u001b[31mERROR\u001b[0m","time":"2024-05-16T00:24:03.880+0700","logger":"MYSQL","message":"failed to execute database migrations","error":"Unknown dialect: "}
{"level":"\u001b[34mINFO\u001b[0m","time":"2024-05-16T00:24:08.895+0700","logger":"MYSQL","message":"database checked/created successfully"}
{"level":"\u001b[31mERROR\u001b[0m","time":"2024-05-16T00:24:08.897+0700","logger":"MYSQL","message":"failed to execute migration","direction":0,"error":"Unknown dialect: "}
{"level":"\u001b[31mERROR\u001b[0m","time":"2024-05-16T00:24:08.897+0700","logger":"MYSQL","message":"failed to execute database migrations","error":"Unknown dialect: "}
{"level":"\u001b[34mINFO\u001b[0m","time":"2024-05-16T00:24:13.913+0700","logger":"MYSQL","message":"database checked/created successfully"}
{"level":"\u001b[31mERROR\u001b[0m","time":"2024-05-16T00:24:13.916+0700","logger":"MYSQL","message":"failed to execute migration","direction":0,"error":"Unknown dialect: "}
{"level":"\u001b[31mERROR\u001b[0m","time":"2024-05-16T00:24:13.916+0700","logger":"MYSQL","message":"failed to execute database migrations","error":"Unknown dialect: "}
{"level":"\u001b[34mINFO\u001b[0m","time":"2024-05-16T00:24:18.926+0700","logger":"MYSQL","message":"database checked/created successfully"}
{"level":"\u001b[31mERROR\u001b[0m","time":"2024-05-16T00:24:18.928+0700","logger":"MYSQL","message":"failed to execute migration","direction":0,"error":"Unknown dialect: "}
{"level":"\u001b[31mERROR\u001b[0m","time":"2024-05-16T00:24:18.928+0700","logger":"MYSQL","message":"failed to execute database migrations","error":"Unknown dialect: "}
{"level":"\u001b[34mINFO\u001b[0m","time":"2024-05-16T00:24:23.941+0700","logger":"MYSQL","message":"database checked/created successfully"}
{"level":"\u001b[31mERROR\u001b[0m","time":"2024-05-16T00:24:23.944+0700","logger":"MYSQL","message":"failed to execute migration","direction":0,"error":"Unknown dialect: "}
{"level":"\u001b[31mERROR\u001b[0m","time":"2024-05-16T00:24:23.944+0700","logger":"MYSQL","message":"failed to execute database migrations","error":"Unknown dialect: "}
{"level":"\u001b[34mINFO\u001b[0m","time":"2024-05-16T00:24:28.946+0700","logger":"MYSQL","message":"database checked/created successfully"}
{"level":"\u001b[31mERROR\u001b[0m","time":"2024-05-16T00:24:28.947+0700","logger":"MYSQL","message":"failed to execute migration","direction":0,"error":"Unknown dialect: "}
{"level":"\u001b[31mERROR\u001b[0m","time":"2024-05-16T00:24:28.947+0700","logger":"MYSQL","message":"failed to execute database migrations","error":"Unknown dialect: "}
{"level":"\u001b[34mINFO\u001b[0m","time":"2024-05-16T00:24:33.961+0700","logger":"MYSQL","message":"database checked/created successfully"}
{"level":"\u001b[31mERROR\u001b[0m","time":"2024-05-16T00:24:33.963+0700","logger":"MYSQL","message":"failed to execute migration","direction":0,"error":"Unknown dialect: "}
{"level":"\u001b[31mERROR\u001b[0m","time":"2024-05-16T00:24:33.964+0700","logger":"MYSQL","message":"failed to execute database migrations","error":"Unknown dialect: "}
{"level":"\u001b[34mINFO\u001b[0m","time":"2024-05-16T00:24:38.975+0700","logger":"MYSQL","message":"database checked/created successfully"}
{"level":"\u001b[31mERROR\u001b[0m","time":"2024-05-16T00:24:38.976+0700","logger":"MYSQL","message":"failed to execute migration","direction":0,"error":"Unknown dialect: "}
{"level":"\u001b[31mERROR\u001b[0m","time":"2024-05-16T00:24:38.976+0700","logger":"MYSQL","message":"failed to execute database migrations","error":"Unknown dialect: "}
{"level":"\u001b[34mINFO\u001b[0m","time":"2024-05-16T00:24:43.988+0700","logger":"MYSQL","message":"database checked/created successfully"}
{"level":"\u001b[31mERROR\u001b[0m","time":"2024-05-16T00:24:43.989+0700","logger":"MYSQL","message":"failed to execute migration","direction":0,"error":"Unknown dialect: "}
{"level":"\u001b[31mERROR\u001b[0m","time":"2024-05-16T00:24:43.989+0700","logger":"MYSQL","message":"failed to execute database migrations","error":"Unknown dialect: "}
{"level":"\u001b[34mINFO\u001b[0m","time":"2024-05-16T00:24:49.002+0700","logger":"MYSQL","message":"database checked/created successfully"}
{"level":"\u001b[31mERROR\u001b[0m","time":"2024-05-16T00:24:49.003+0700","logger":"MYSQL","message":"failed to execute migration","direction":0,"error":"Unknown dialect: "}
{"level":"\u001b[31mERROR\u001b[0m","time":"2024-05-16T00:24:49.003+0700","logger":"MYSQL","message":"failed to execute database migrations","error":"Unknown dialect: "}
{"level":"\u001b[34mINFO\u001b[0m","time":"2024-05-16T00:24:54.009+0700","logger":"MYSQL","message":"database checked/created successfully"}
{"level":"\u001b[31mERROR\u001b[0m","time":"2024-05-16T00:24:54.011+0700","logger":"MYSQL","message":"failed to execute migration","direction":0,"error":"Unknown dialect: "}
{"level":"\u001b[31mERROR\u001b[0m","time":"2024-05-16T00:24:54.011+0700","logger":"MYSQL","message":"failed to execute database migrations","error":"Unknown dialect: "}
{"level":"\u001b[34mINFO\u001b[0m","time":"2024-05-16T00:24:59.022+0700","logger":"MYSQL","message":"database checked/created successfully"}
{"level":"\u001b[31mERROR\u001b[0m","time":"2024-05-16T00:24:59.023+0700","logger":"MYSQL","message":"failed to execute migration","direction":0,"error":"Unknown dialect: "}
{"level":"\u001b[31mERROR\u001b[0m","time":"2024-05-16T00:24:59.023+0700","logger":"MYSQL","message":"failed to execute database migrations","error":"Unknown dialect: "}
{"level":"\u001b[34mINFO\u001b[0m","time":"2024-05-16T00:25:04.043+0700","logger":"MYSQL","message":"database checked/created successfully"}
{"level":"\u001b[31mERROR\u001b[0m","time":"2024-05-16T00:25:04.046+0700","logger":"MYSQL","message":"failed to execute migration","direction":0,"error":"Unknown dialect: "}
{"level":"\u001b[31mERROR\u001b[0m","time":"2024-05-16T00:25:04.046+0700","logger":"MYSQL","message":"failed to execute database migrations","error":"Unknown dialect: "}
{"level":"\u001b[34mINFO\u001b[0m","time":"2024-05-16T00:25:09.051+0700","logger":"MYSQL","message":"database checked/created successfully"}
{"level":"\u001b[31mERROR\u001b[0m","time":"2024-05-16T00:25:09.053+0700","logger":"MYSQL","message":"failed to execute migration","direction":0,"error":"Unknown dialect: "}
{"level":"\u001b[31mERROR\u001b[0m","time":"2024-05-16T00:25:09.053+0700","logger":"MYSQL","message":"failed to execute database migrations","error":"Unknown dialect: "}
{"level":"\u001b[34mINFO\u001b[0m","time":"2024-05-16T00:25:14.068+0700","logger":"MYSQL","message":"database checked/created successfully"}
{"level":"\u001b[31mERROR\u001b[0m","time":"2024-05-16T00:25:14.070+0700","logger":"MYSQL","message":"failed to execute migration","direction":0,"error":"Unknown dialect: "}
{"level":"\u001b[31mERROR\u001b[0m","time":"2024-05-16T00:25:14.070+0700","logger":"MYSQL","message":"failed to execute database migrations","error":"Unknown dialect: "}
{"level":"\u001b[34mINFO\u001b[0m","time":"2024-05-16T00:25:19.084+0700","logger":"MYSQL","message":"database checked/created successfully"}
{"level":"\u001b[31mERROR\u001b[0m","time":"2024-05-16T00:25:19.086+0700","logger":"MYSQL","message":"failed to execute migration","direction":0,"error":"Unknown dialect: "}
{"level":"\u001b[31mERROR\u001b[0m","time":"2024-05-16T00:25:19.087+0700","logger":"MYSQL","message":"failed to execute database migrations","error":"Unknown dialect: "}
{"level":"\u001b[34mINFO\u001b[0m","time":"2024-05-16T00:25:24.101+0700","logger":"MYSQL","message":"database checked/created successfully"}
{"level":"\u001b[31mERROR\u001b[0m","time":"2024-05-16T00:25:24.103+0700","logger":"MYSQL","message":"failed to execute migration","direction":0,"error":"Unknown dialect: "}
{"level":"\u001b[31mERROR\u001b[0m","time":"2024-05-16T00:25:24.103+0700","logger":"MYSQL","message":"failed to execute database migrations","error":"Unknown dialect: "}
{"level":"\u001b[34mINFO\u001b[0m","time":"2024-05-16T00:25:29.117+0700","logger":"MYSQL","message":"database checked/created successfully"}
{"level":"\u001b[31mERROR\u001b[0m","time":"2024-05-16T00:25:29.119+0700","logger":"MYSQL","message":"failed to execute migration","direction":0,"error":"Unknown dialect: "}
{"level":"\u001b[31mERROR\u001b[0m","time":"2024-05-16T00:25:29.119+0700","logger":"MYSQL","message":"failed to execute database migrations","error":"Unknown dialect: "}
{"level":"\u001b[34mINFO\u001b[0m","time":"2024-05-16T00:25:34.139+0700","logger":"MYSQL","message":"database checked/created successfully"}
{"level":"\u001b[31mERROR\u001b[0m","time":"2024-05-16T00:25:34.141+0700","logger":"MYSQL","message":"failed to execute migration","direction":0,"error":"Unknown dialect: "}
{"level":"\u001b[31mERROR\u001b[0m","time":"2024-05-16T00:25:34.141+0700","logger":"MYSQL","message":"failed to execute database migrations","error":"Unknown dialect: "}
{"level":"\u001b[34mINFO\u001b[0m","time":"2024-05-16T00:25:39.165+0700","logger":"MYSQL","message":"database checked/created successfully"}
{"level":"\u001b[31mERROR\u001b[0m","time":"2024-05-16T00:25:39.168+0700","logger":"MYSQL","message":"failed to execute migration","direction":0,"error":"Unknown dialect: "}
{"level":"\u001b[31mERROR\u001b[0m","time":"2024-05-16T00:25:39.168+0700","logger":"MYSQL","message":"failed to execute database migrations","error":"Unknown dialect: "}
{"level":"\u001b[34mINFO\u001b[0m","time":"2024-05-16T00:26:37.647+0700","logger":"MYSQL","message":"database checked/created successfully"}
{"level":"\u001b[31mERROR\u001b[0m","time":"2024-05-16T00:26:37.675+0700","logger":"MYSQL","message":"failed to execute migration","direction":0,"error":"Error while parsing 0001.sql: Error parsing migration (0001.sql): ERROR: no Up/Down annotations found, so no statements were executed.\n\t\t\tSee https://github.com/rubenv/sql-migrate for details."}
{"level":"\u001b[31mERROR\u001b[0m","time":"2024-05-16T00:26:37.675+0700","logger":"MYSQL","message":"failed to execute database migrations","error":"Error while parsing 0001.sql: Error parsing migration (0001.sql): ERROR: no Up/Down annotations found, so no statements were executed.\n\t\t\tSee https://github.com/rubenv/sql-migrate for details."}
{"level":"\u001b[34mINFO\u001b[0m","time":"2024-05-16T00:26:42.698+0700","logger":"MYSQL","message":"database checked/created successfully"}
{"level":"\u001b[31mERROR\u001b[0m","time":"2024-05-16T00:26:42.710+0700","logger":"MYSQL","message":"failed to execute migration","direction":0,"error":"Error while parsing 0001.sql: Error parsing migration (0001.sql): ERROR: no Up/Down annotations found, so no statements were executed.\n\t\t\tSee https://github.com/rubenv/sql-migrate for details."}
{"level":"\u001b[31mERROR\u001b[0m","time":"2024-05-16T00:26:42.710+0700","logger":"MYSQL","message":"failed to execute database migrations","error":"Error while parsing 0001.sql: Error parsing migration (0001.sql): ERROR: no Up/Down annotations found, so no statements were executed.\n\t\t\tSee https://github.com/rubenv/sql-migrate for details."}
{"level":"\u001b[34mINFO\u001b[0m","time":"2024-05-16T00:26:47.726+0700","logger":"MYSQL","message":"database checked/created successfully"}
{"level":"\u001b[31mERROR\u001b[0m","time":"2024-05-16T00:26:47.732+0700","logger":"MYSQL","message":"failed to execute migration","direction":0,"error":"Error while parsing 0001.sql: Error parsing migration (0001.sql): ERROR: no Up/Down annotations found, so no statements were executed.\n\t\t\tSee https://github.com/rubenv/sql-migrate for details."}
{"level":"\u001b[31mERROR\u001b[0m","time":"2024-05-16T00:26:47.732+0700","logger":"MYSQL","message":"failed to execute database migrations","error":"Error while parsing 0001.sql: Error parsing migration (0001.sql): ERROR: no Up/Down annotations found, so no statements were executed.\n\t\t\tSee https://github.com/rubenv/sql-migrate for details."}
{"level":"\u001b[34mINFO\u001b[0m","time":"2024-05-16T00:26:52.740+0700","logger":"MYSQL","message":"database checked/created successfully"}
{"level":"\u001b[31mERROR\u001b[0m","time":"2024-05-16T00:26:52.744+0700","logger":"MYSQL","message":"failed to execute migration","direction":0,"error":"Error while parsing 0001.sql: Error parsing migration (0001.sql): ERROR: no Up/Down annotations found, so no statements were executed.\n\t\t\tSee https://github.com/rubenv/sql-migrate for details."}
{"level":"\u001b[31mERROR\u001b[0m","time":"2024-05-16T00:26:52.744+0700","logger":"MYSQL","message":"failed to execute database migrations","error":"Error while parsing 0001.sql: Error parsing migration (0001.sql): ERROR: no Up/Down annotations found, so no statements were executed.\n\t\t\tSee https://github.com/rubenv/sql-migrate for details."}
{"level":"\u001b[34mINFO\u001b[0m","time":"2024-05-16T00:26:57.758+0700","logger":"MYSQL","message":"database checked/created successfully"}
{"level":"\u001b[31mERROR\u001b[0m","time":"2024-05-16T00:26:57.760+0700","logger":"MYSQL","message":"failed to execute migration","direction":0,"error":"Error while parsing 0001.sql: Error parsing migration (0001.sql): ERROR: no Up/Down annotations found, so no statements were executed.\n\t\t\tSee https://github.com/rubenv/sql-migrate for details."}
{"level":"\u001b[31mERROR\u001b[0m","time":"2024-05-16T00:26:57.760+0700","logger":"MYSQL","message":"failed to execute database migrations","error":"Error while parsing 0001.sql: Error parsing migration (0001.sql): ERROR: no Up/Down annotations found, so no statements were executed.\n\t\t\tSee https://github.com/rubenv/sql-migrate for details."}
{"level":"\u001b[34mINFO\u001b[0m","time":"2024-05-16T00:27:02.779+0700","logger":"MYSQL","message":"database checked/created successfully"}
{"level":"\u001b[31mERROR\u001b[0m","time":"2024-05-16T00:27:02.781+0700","logger":"MYSQL","message":"failed to execute migration","direction":0,"error":"Error while parsing 0001.sql: Error parsing migration (0001.sql): ERROR: no Up/Down annotations found, so no statements were executed.\n\t\t\tSee https://github.com/rubenv/sql-migrate for details."}
{"level":"\u001b[31mERROR\u001b[0m","time":"2024-05-16T00:27:02.781+0700","logger":"MYSQL","message":"failed to execute database migrations","error":"Error while parsing 0001.sql: Error parsing migration (0001.sql): ERROR: no Up/Down annotations found, so no statements were executed.\n\t\t\tSee https://github.com/rubenv/sql-migrate for details."}
{"level":"\u001b[34mINFO\u001b[0m","time":"2024-05-16T00:27:07.796+0700","logger":"MYSQL","message":"database checked/created successfully"}
{"level":"\u001b[31mERROR\u001b[0m","time":"2024-05-16T00:27:07.806+0700","logger":"MYSQL","message":"failed to execute migration","direction":0,"error":"Error while parsing 0001.sql: Error parsing migration (0001.sql): ERROR: no Up/Down annotations found, so no statements were executed.\n\t\t\tSee https://github.com/rubenv/sql-migrate for details."}
{"level":"\u001b[31mERROR\u001b[0m","time":"2024-05-16T00:27:07.806+0700","logger":"MYSQL","message":"failed to execute database migrations","error":"Error while parsing 0001.sql: Error parsing migration (0001.sql): ERROR: no Up/Down annotations found, so no statements were executed.\n\t\t\tSee https://github.com/rubenv/sql-migrate for details."}
{"level":"\u001b[34mINFO\u001b[0m","time":"2024-05-16T00:27:12.822+0700","logger":"MYSQL","message":"database checked/created successfully"}
{"level":"\u001b[31mERROR\u001b[0m","time":"2024-05-16T00:27:12.826+0700","logger":"MYSQL","message":"failed to execute migration","direction":0,"error":"Error while parsing 0001.sql: Error parsing migration (0001.sql): ERROR: no Up/Down annotations found, so no statements were executed.\n\t\t\tSee https://github.com/rubenv/sql-migrate for details."}
{"level":"\u001b[31mERROR\u001b[0m","time":"2024-05-16T00:27:12.826+0700","logger":"MYSQL","message":"failed to execute database migrations","error":"Error while parsing 0001.sql: Error parsing migration (0001.sql): ERROR: no Up/Down annotations found, so no statements were executed.\n\t\t\tSee https://github.com/rubenv/sql-migrate for details."}
{"level":"\u001b[34mINFO\u001b[0m","time":"2024-05-16T00:27:17.840+0700","logger":"MYSQL","message":"database checked/created successfully"}
{"level":"\u001b[31mERROR\u001b[0m","time":"2024-05-16T00:27:17.842+0700","logger":"MYSQL","message":"failed to execute migration","direction":0,"error":"Error while parsing 0001.sql: Error parsing migration (0001.sql): ERROR: no Up/Down annotations found, so no statements were executed.\n\t\t\tSee https://github.com/rubenv/sql-migrate for details."}
{"level":"\u001b[31mERROR\u001b[0m","time":"2024-05-16T00:27:17.842+0700","logger":"MYSQL","message":"failed to execute database migrations","error":"Error while parsing 0001.sql: Error parsing migration (0001.sql): ERROR: no Up/Down annotations found, so no statements were executed.\n\t\t\tSee https://github.com/rubenv/sql-migrate for details."}
{"level":"\u001b[34mINFO\u001b[0m","time":"2024-05-16T00:27:22.856+0700","logger":"MYSQL","message":"database checked/created successfully"}
{"level":"\u001b[31mERROR\u001b[0m","time":"2024-05-16T00:27:22.862+0700","logger":"MYSQL","message":"failed to execute migration","direction":0,"error":"Error while parsing 0001.sql: Error parsing migration (0001.sql): ERROR: no Up/Down annotations found, so no statements were executed.\n\t\t\tSee https://github.com/rubenv/sql-migrate for details."}
{"level":"\u001b[31mERROR\u001b[0m","time":"2024-05-16T00:27:22.862+0700","logger":"MYSQL","message":"failed to execute database migrations","error":"Error while parsing 0001.sql: Error parsing migration (0001.sql): ERROR: no Up/Down annotations found, so no statements were executed.\n\t\t\tSee https://github.com/rubenv/sql-migrate for details."}
{"level":"\u001b[34mINFO\u001b[0m","time":"2024-05-16T00:27:27.521+0700","logger":"MYSQL","message":"database checked/created successfully"}
{"level":"\u001b[31mERROR\u001b[0m","time":"2024-05-16T00:27:27.523+0700","logger":"MYSQL","message":"failed to execute migration","direction":0,"error":"Error while parsing 0001.sql: Error parsing migration (0001.sql): ERROR: no Up/Down annotations found, so no statements were executed.\n\t\t\tSee https://github.com/rubenv/sql-migrate for details."}
{"level":"\u001b[31mERROR\u001b[0m","time":"2024-05-16T00:27:27.523+0700","logger":"MYSQL","message":"failed to execute database migrations","error":"Error while parsing 0001.sql: Error parsing migration (0001.sql): ERROR: no Up/Down annotations found, so no statements were executed.\n\t\t\tSee https://github.com/rubenv/sql-migrate for details."}
{"level":"\u001b[34mINFO\u001b[0m","time":"2024-05-16T00:27:32.539+0700","logger":"MYSQL","message":"database checked/created successfully"}
{"level":"\u001b[31mERROR\u001b[0m","time":"2024-05-16T00:27:32.545+0700","logger":"MYSQL","message":"failed to execute migration","direction":0,"error":"Error while parsing 0001.sql: Error parsing migration (0001.sql): ERROR: no Up/Down annotations found, so no statements were executed.\n\t\t\tSee https://github.com/rubenv/sql-migrate for details."}
{"level":"\u001b[31mERROR\u001b[0m","time":"2024-05-16T00:27:32.545+0700","logger":"MYSQL","message":"failed to execute database migrations","error":"Error while parsing 0001.sql: Error parsing migration (0001.sql): ERROR: no Up/Down annotations found, so no statements were executed.\n\t\t\tSee https://github.com/rubenv/sql-migrate for details."}
{"level":"\u001b[34mINFO\u001b[0m","time":"2024-05-16T00:27:37.564+0700","logger":"MYSQL","message":"database checked/created successfully"}
{"level":"\u001b[31mERROR\u001b[0m","time":"2024-05-16T00:27:37.570+0700","logger":"MYSQL","message":"failed to execute migration","direction":0,"error":"Error while parsing 0001.sql: Error parsing migration (0001.sql): ERROR: no Up/Down annotations found, so no statements were executed.\n\t\t\tSee https://github.com/rubenv/sql-migrate for details."}
{"level":"\u001b[31mERROR\u001b[0m","time":"2024-05-16T00:27:37.570+0700","logger":"MYSQL","message":"failed to execute database migrations","error":"Error while parsing 0001.sql: Error parsing migration (0001.sql): ERROR: no Up/Down annotations found, so no statements were executed.\n\t\t\tSee https://github.com/rubenv/sql-migrate for details."}
{"level":"\u001b[34mINFO\u001b[0m","time":"2024-05-16T00:27:42.585+0700","logger":"MYSQL","message":"database checked/created successfully"}
{"level":"\u001b[31mERROR\u001b[0m","time":"2024-05-16T00:27:42.590+0700","logger":"MYSQL","message":"failed to execute migration","direction":0,"error":"Error while parsing 0001.sql: Error parsing migration (0001.sql): ERROR: no Up/Down annotations found, so no statements were executed.\n\t\t\tSee https://github.com/rubenv/sql-migrate for details."}
{"level":"\u001b[31mERROR\u001b[0m","time":"2024-05-16T00:27:42.590+0700","logger":"MYSQL","message":"failed to execute database migrations","error":"Error while parsing 0001.sql: Error parsing migration (0001.sql): ERROR: no Up/Down annotations found, so no statements were executed.\n\t\t\tSee https://github.com/rubenv/sql-migrate for details."}
{"level":"\u001b[34mINFO\u001b[0m","time":"2024-05-16T00:27:47.606+0700","logger":"MYSQL","message":"database checked/created successfully"}
{"level":"\u001b[31mERROR\u001b[0m","time":"2024-05-16T00:27:47.613+0700","logger":"MYSQL","message":"failed to execute migration","direction":0,"error":"Error while parsing 0001.sql: Error parsing migration (0001.sql): ERROR: no Up/Down annotations found, so no statements were executed.\n\t\t\tSee https://github.com/rubenv/sql-migrate for details."}
{"level":"\u001b[31mERROR\u001b[0m","time":"2024-05-16T00:27:47.613+0700","logger":"MYSQL","message":"failed to execute database migrations","error":"Error while parsing 0001.sql: Error parsing migration (0001.sql): ERROR: no Up/Down annotations found, so no statements were executed.\n\t\t\tSee https://github.com/rubenv/sql-migrate for details."}
{"level":"\u001b[34mINFO\u001b[0m","time":"2024-05-16T00:27:52.626+0700","logger":"MYSQL","message":"database checked/created successfully"}
{"level":"\u001b[31mERROR\u001b[0m","time":"2024-05-16T00:27:52.634+0700","logger":"MYSQL","message":"failed to execute migration","direction":0,"error":"Error while parsing 0001.sql: Error parsing migration (0001.sql): ERROR: no Up/Down annotations found, so no statements were executed.\n\t\t\tSee https://github.com/rubenv/sql-migrate for details."}
{"level":"\u001b[31mERROR\u001b[0m","time":"2024-05-16T00:27:52.634+0700","logger":"MYSQL","message":"failed to execute database migrations","error":"Error while parsing 0001.sql: Error parsing migration (0001.sql): ERROR: no Up/Down annotations found, so no statements were executed.\n\t\t\tSee https://github.com/rubenv/sql-migrate for details."}
{"level":"\u001b[34mINFO\u001b[0m","time":"2024-05-16T00:27:58.095+0700","logger":"MYSQL","message":"database checked/created successfully"}
{"level":"\u001b[31mERROR\u001b[0m","time":"2024-05-16T00:27:58.104+0700","logger":"MYSQL","message":"failed to execute migration","direction":0,"error":"Error 1068 (42000): Multiple primary key defined handling 0001.sql"}
{"level":"\u001b[31mERROR\u001b[0m","time":"2024-05-16T00:27:58.104+0700","logger":"MYSQL","message":"failed to execute database migrations","error":"Error 1068 (42000): Multiple primary key defined handling 0001.sql"}
{"level":"\u001b[34mINFO\u001b[0m","time":"2024-05-16T00:28:03.123+0700","logger":"MYSQL","message":"database checked/created successfully"}
{"level":"\u001b[31mERROR\u001b[0m","time":"2024-05-16T00:28:03.134+0700","logger":"MYSQL","message":"failed to execute migration","direction":0,"error":"Error 1068 (42000): Multiple primary key defined handling 0001.sql"}
{"level":"\u001b[31mERROR\u001b[0m","time":"2024-05-16T00:28:03.134+0700","logger":"MYSQL","message":"failed to execute database migrations","error":"Error 1068 (42000): Multiple primary key defined handling 0001.sql"}
{"level":"\u001b[34mINFO\u001b[0m","time":"2024-05-16T00:28:08.149+0700","logger":"MYSQL","message":"database checked/created successfully"}
{"level":"\u001b[31mERROR\u001b[0m","time":"2024-05-16T00:28:08.159+0700","logger":"MYSQL","message":"failed to execute migration","direction":0,"error":"Error 1068 (42000): Multiple primary key defined handling 0001.sql"}
{"level":"\u001b[31mERROR\u001b[0m","time":"2024-05-16T00:28:08.159+0700","logger":"MYSQL","message":"failed to execute database migrations","error":"Error 1068 (42000): Multiple primary key defined handling 0001.sql"}
{"level":"\u001b[34mINFO\u001b[0m","time":"2024-05-16T00:28:13.467+0700","logger":"MYSQL","message":"database checked/created successfully"}
{"level":"\u001b[31mERROR\u001b[0m","time":"2024-05-16T00:28:13.520+0700","logger":"MYSQL","message":"failed to execute migration","direction":0,"error":"Error 1068 (42000): Multiple primary key defined handling 0001.sql"}
{"level":"\u001b[31mERROR\u001b[0m","time":"2024-05-16T00:28:13.520+0700","logger":"MYSQL","message":"failed to execute database migrations","error":"Error 1068 (42000): Multiple primary key defined handling 0001.sql"}
{"level":"\u001b[34mINFO\u001b[0m","time":"2024-05-16T00:28:18.560+0700","logger":"MYSQL","message":"database checked/created successfully"}
{"level":"\u001b[31mERROR\u001b[0m","time":"2024-05-16T00:28:18.629+0700","logger":"MYSQL","message":"failed to execute migration","direction":0,"error":"Error 1068 (42000): Multiple primary key defined handling 0001.sql"}
{"level":"\u001b[31mERROR\u001b[0m","time":"2024-05-16T00:28:18.629+0700","logger":"MYSQL","message":"failed to execute database migrations","error":"Error 1068 (42000): Multiple primary key defined handling 0001.sql"}
{"level":"\u001b[34mINFO\u001b[0m","time":"2024-05-16T00:28:23.643+0700","logger":"MYSQL","message":"database checked/created successfully"}
{"level":"\u001b[31mERROR\u001b[0m","time":"2024-05-16T00:28:23.651+0700","logger":"MYSQL","message":"failed to execute migration","direction":0,"error":"Error 1068 (42000): Multiple primary key defined handling 0001.sql"}
{"level":"\u001b[31mERROR\u001b[0m","time":"2024-05-16T00:28:23.651+0700","logger":"MYSQL","message":"failed to execute database migrations","error":"Error 1068 (42000): Multiple primary key defined handling 0001.sql"}
{"level":"\u001b[34mINFO\u001b[0m","time":"2024-05-16T00:28:28.663+0700","logger":"MYSQL","message":"database checked/created successfully"}
{"level":"\u001b[31mERROR\u001b[0m","time":"2024-05-16T00:28:28.678+0700","logger":"MYSQL","message":"failed to execute migration","direction":0,"error":"Error 1068 (42000): Multiple primary key defined handling 0001.sql"}
{"level":"\u001b[31mERROR\u001b[0m","time":"2024-05-16T00:28:28.678+0700","logger":"MYSQL","message":"failed to execute database migrations","error":"Error 1068 (42000): Multiple primary key defined handling 0001.sql"}
{"level":"\u001b[34mINFO\u001b[0m","time":"2024-05-16T00:28:32.979+0700","logger":"MYSQL","message":"database checked/created successfully"}
{"level":"\u001b[31mERROR\u001b[0m","time":"2024-05-16T00:28:32.983+0700","logger":"MYSQL","message":"failed to execute migration","direction":0,"error":"Error 1068 (42000): Multiple primary key defined handling 0001.sql"}
{"level":"\u001b[31mERROR\u001b[0m","time":"2024-05-16T00:28:32.983+0700","logger":"MYSQL","message":"failed to execute database migrations","error":"Error 1068 (42000): Multiple primary key defined handling 0001.sql"}
{"level":"\u001b[34mINFO\u001b[0m","time":"2024-05-16T00:28:37.995+0700","logger":"MYSQL","message":"database checked/created successfully"}
{"level":"\u001b[31mERROR\u001b[0m","time":"2024-05-16T00:28:38.010+0700","logger":"MYSQL","message":"failed to execute migration","direction":0,"error":"Error 1068 (42000): Multiple primary key defined handling 0001.sql"}
{"level":"\u001b[31mERROR\u001b[0m","time":"2024-05-16T00:28:38.010+0700","logger":"MYSQL","message":"failed to execute database migrations","error":"Error 1068 (42000): Multiple primary key defined handling 0001.sql"}
{"level":"\u001b[34mINFO\u001b[0m","time":"2024-05-16T00:28:43.029+0700","logger":"MYSQL","message":"database checked/created successfully"}
{"level":"\u001b[31mERROR\u001b[0m","time":"2024-05-16T00:28:43.038+0700","logger":"MYSQL","message":"failed to execute migration","direction":0,"error":"Error 1068 (42000): Multiple primary key defined handling 0001.sql"}
{"level":"\u001b[31mERROR\u001b[0m","time":"2024-05-16T00:28:43.038+0700","logger":"MYSQL","message":"failed to execute database migrations","error":"Error 1068 (42000): Multiple primary key defined handling 0001.sql"}
{"level":"\u001b[34mINFO\u001b[0m","time":"2024-05-16T00:29:09.522+0700","logger":"MYSQL","message":"database checked/created successfully"}
{"level":"\u001b[31mERROR\u001b[0m","time":"2024-05-16T00:29:09.614+0700","logger":"MYSQL","message":"failed to execute migration","direction":0,"error":"Error 1068 (42000): Multiple primary key defined handling 0001.sql"}
{"level":"\u001b[31mERROR\u001b[0m","time":"2024-05-16T00:29:09.614+0700","logger":"MYSQL","message":"failed to execute database migrations","error":"Error 1068 (42000): Multiple primary key defined handling 0001.sql"}
{"level":"\u001b[34mINFO\u001b[0m","time":"2024-05-16T00:29:14.629+0700","logger":"MYSQL","message":"database checked/created successfully"}
{"level":"\u001b[31mERROR\u001b[0m","time":"2024-05-16T00:29:14.646+0700","logger":"MYSQL","message":"failed to execute migration","direction":0,"error":"Error 1068 (42000): Multiple primary key defined handling 0001.sql"}
{"level":"\u001b[31mERROR\u001b[0m","time":"2024-05-16T00:29:14.646+0700","logger":"MYSQL","message":"failed to execute database migrations","error":"Error 1068 (42000): Multiple primary key defined handling 0001.sql"}
{"level":"\u001b[34mINFO\u001b[0m","time":"2024-05-16T00:29:58.004+0700","logger":"MYSQL","message":"database checked/created successfully"}
{"level":"\u001b[31mERROR\u001b[0m","time":"2024-05-16T00:29:58.135+0700","logger":"MYSQL","message":"failed to execute migration","direction":0,"error":"Error 1068 (42000): Multiple primary key defined handling 0001.sql"}
{"level":"\u001b[31mERROR\u001b[0m","time":"2024-05-16T00:29:58.135+0700","logger":"MYSQL","message":"failed to execute database migrations","error":"Error 1068 (42000): Multiple primary key defined handling 0001.sql"}
{"level":"\u001b[34mINFO\u001b[0m","time":"2024-05-16T00:30:03.151+0700","logger":"MYSQL","message":"database checked/created successfully"}
{"level":"\u001b[31mERROR\u001b[0m","time":"2024-05-16T00:30:03.175+0700","logger":"MYSQL","message":"failed to execute migration","direction":0,"error":"Error 1068 (42000): Multiple primary key defined handling 0001.sql"}
{"level":"\u001b[31mERROR\u001b[0m","time":"2024-05-16T00:30:03.175+0700","logger":"MYSQL","message":"failed to execute database migrations","error":"Error 1068 (42000): Multiple primary key defined handling 0001.sql"}
{"level":"\u001b[34mINFO\u001b[0m","time":"2024-05-16T00:30:08.191+0700","logger":"MYSQL","message":"database checked/created successfully"}
{"level":"\u001b[31mERROR\u001b[0m","time":"2024-05-16T00:30:08.210+0700","logger":"MYSQL","message":"failed to execute migration","direction":0,"error":"Error 1068 (42000): Multiple primary key defined handling 0001.sql"}
{"level":"\u001b[31mERROR\u001b[0m","time":"2024-05-16T00:30:08.210+0700","logger":"MYSQL","message":"failed to execute database migrations","error":"Error 1068 (42000): Multiple primary key defined handling 0001.sql"}
{"level":"\u001b[34mINFO\u001b[0m","time":"2024-05-16T00:30:13.223+0700","logger":"MYSQL","message":"database checked/created successfully"}
{"level":"\u001b[31mERROR\u001b[0m","time":"2024-05-16T00:30:13.234+0700","logger":"MYSQL","message":"failed to execute migration","direction":0,"error":"Error 1068 (42000): Multiple primary key defined handling 0001.sql"}
{"level":"\u001b[31mERROR\u001b[0m","time":"2024-05-16T00:30:13.234+0700","logger":"MYSQL","message":"failed to execute database migrations","error":"Error 1068 (42000): Multiple primary key defined handling 0001.sql"}
{"level":"\u001b[34mINFO\u001b[0m","time":"2024-05-16T00:30:18.255+0700","logger":"MYSQL","message":"database checked/created successfully"}
{"level":"\u001b[31mERROR\u001b[0m","time":"2024-05-16T00:30:18.274+0700","logger":"MYSQL","message":"failed to execute migration","direction":0,"error":"Error 1068 (42000): Multiple primary key defined handling 0001.sql"}
{"level":"\u001b[31mERROR\u001b[0m","time":"2024-05-16T00:30:18.274+0700","logger":"MYSQL","message":"failed to execute database migrations","error":"Error 1068 (42000): Multiple primary key defined handling 0001.sql"}
{"level":"\u001b[34mINFO\u001b[0m","time":"2024-05-16T00:30:23.287+0700","logger":"MYSQL","message":"database checked/created successfully"}
{"level":"\u001b[31mERROR\u001b[0m","time":"2024-05-16T00:30:23.312+0700","logger":"MYSQL","message":"failed to execute migration","direction":0,"error":"Error 1068 (42000): Multiple primary key defined handling 0001.sql"}
{"level":"\u001b[31mERROR\u001b[0m","time":"2024-05-16T00:30:23.312+0700","logger":"MYSQL","message":"failed to execute database migrations","error":"Error 1068 (42000): Multiple primary key defined handling 0001.sql"}
{"level":"\u001b[34mINFO\u001b[0m","time":"2024-05-16T00:30:28.337+0700","logger":"MYSQL","message":"database checked/created successfully"}
{"level":"\u001b[31mERROR\u001b[0m","time":"2024-05-16T00:30:28.356+0700","logger":"MYSQL","message":"failed to execute migration","direction":0,"error":"Error 1068 (42000): Multiple primary key defined handling 0001.sql"}
{"level":"\u001b[31mERROR\u001b[0m","time":"2024-05-16T00:30:28.357+0700","logger":"MYSQL","message":"failed to execute database migrations","error":"Error 1068 (42000): Multiple primary key defined handling 0001.sql"}
{"level":"\u001b[34mINFO\u001b[0m","time":"2024-05-16T00:30:33.380+0700","logger":"MYSQL","message":"database checked/created successfully"}
{"level":"\u001b[31mERROR\u001b[0m","time":"2024-05-16T00:30:33.399+0700","logger":"MYSQL","message":"failed to execute migration","direction":0,"error":"Error 1068 (42000): Multiple primary key defined handling 0001.sql"}
{"level":"\u001b[31mERROR\u001b[0m","time":"2024-05-16T00:30:33.399+0700","logger":"MYSQL","message":"failed to execute database migrations","error":"Error 1068 (42000): Multiple primary key defined handling 0001.sql"}
{"level":"\u001b[34mINFO\u001b[0m","time":"2024-05-16T00:30:38.413+0700","logger":"MYSQL","message":"database checked/created successfully"}
{"level":"\u001b[31mERROR\u001b[0m","time":"2024-05-16T00:30:38.433+0700","logger":"MYSQL","message":"failed to execute migration","direction":0,"error":"Error 1068 (42000): Multiple primary key defined handling 0001.sql"}
{"level":"\u001b[31mERROR\u001b[0m","time":"2024-05-16T00:30:38.433+0700","logger":"MYSQL","message":"failed to execute database migrations","error":"Error 1068 (42000): Multiple primary key defined handling 0001.sql"}
{"level":"\u001b[34mINFO\u001b[0m","time":"2024-05-16T00:30:43.447+0700","logger":"MYSQL","message":"database checked/created successfully"}
{"level":"\u001b[31mERROR\u001b[0m","time":"2024-05-16T00:30:43.538+0700","logger":"MYSQL","message":"failed to execute migration","direction":0,"error":"Error 1068 (42000): Multiple primary key defined handling 0001.sql"}
{"level":"\u001b[31mERROR\u001b[0m","time":"2024-05-16T00:30:43.538+0700","logger":"MYSQL","message":"failed to execute database migrations","error":"Error 1068 (42000): Multiple primary key defined handling 0001.sql"}
{"level":"\u001b[34mINFO\u001b[0m","time":"2024-05-16T00:30:48.555+0700","logger":"MYSQL","message":"database checked/created successfully"}
{"level":"\u001b[31mERROR\u001b[0m","time":"2024-05-16T00:30:48.573+0700","logger":"MYSQL","message":"failed to execute migration","direction":0,"error":"Error 1068 (42000): Multiple primary key defined handling 0001.sql"}
{"level":"\u001b[31mERROR\u001b[0m","time":"2024-05-16T00:30:48.573+0700","logger":"MYSQL","message":"failed to execute database migrations","error":"Error 1068 (42000): Multiple primary key defined handling 0001.sql"}
{"level":"\u001b[34mINFO\u001b[0m","time":"2024-05-16T00:30:53.589+0700","logger":"MYSQL","message":"database checked/created successfully"}
{"level":"\u001b[31mERROR\u001b[0m","time":"2024-05-16T00:30:53.607+0700","logger":"MYSQL","message":"failed to execute migration","direction":0,"error":"Error 1068 (42000): Multiple primary key defined handling 0001.sql"}
{"level":"\u001b[31mERROR\u001b[0m","time":"2024-05-16T00:30:53.607+0700","logger":"MYSQL","message":"failed to execute database migrations","error":"Error 1068 (42000): Multiple primary key defined handling 0001.sql"}
{"level":"\u001b[34mINFO\u001b[0m","time":"2024-05-16T00:30:58.621+0700","logger":"MYSQL","message":"database checked/created successfully"}
{"level":"\u001b[31mERROR\u001b[0m","time":"2024-05-16T00:30:58.641+0700","logger":"MYSQL","message":"failed to execute migration","direction":0,"error":"Error 1068 (42000): Multiple primary key defined handling 0001.sql"}
{"level":"\u001b[31mERROR\u001b[0m","time":"2024-05-16T00:30:58.641+0700","logger":"MYSQL","message":"failed to execute database migrations","error":"Error 1068 (42000): Multiple primary key defined handling 0001.sql"}
{"level":"\u001b[34mINFO\u001b[0m","time":"2024-05-16T00:31:03.659+0700","logger":"MYSQL","message":"database checked/created successfully"}
{"level":"\u001b[31mERROR\u001b[0m","time":"2024-05-16T00:31:03.677+0700","logger":"MYSQL","message":"failed to execute migration","direction":0,"error":"Error 1068 (42000): Multiple primary key defined handling 0001.sql"}
{"level":"\u001b[31mERROR\u001b[0m","time":"2024-05-16T00:31:03.677+0700","logger":"MYSQL","message":"failed to execute database migrations","error":"Error 1068 (42000): Multiple primary key defined handling 0001.sql"}
{"level":"\u001b[34mINFO\u001b[0m","time":"2024-05-16T00:31:08.692+0700","logger":"MYSQL","message":"database checked/created successfully"}
{"level":"\u001b[31mERROR\u001b[0m","time":"2024-05-16T00:31:08.710+0700","logger":"MYSQL","message":"failed to execute migration","direction":0,"error":"Error 1068 (42000): Multiple primary key defined handling 0001.sql"}
{"level":"\u001b[31mERROR\u001b[0m","time":"2024-05-16T00:31:08.710+0700","logger":"MYSQL","message":"failed to execute database migrations","error":"Error 1068 (42000): Multiple primary key defined handling 0001.sql"}
{"level":"\u001b[34mINFO\u001b[0m","time":"2024-05-16T00:31:13.724+0700","logger":"MYSQL","message":"database checked/created successfully"}
{"level":"\u001b[31mERROR\u001b[0m","time":"2024-05-16T00:31:13.744+0700","logger":"MYSQL","message":"failed to execute migration","direction":0,"error":"Error 1068 (42000): Multiple primary key defined handling 0001.sql"}
{"level":"\u001b[31mERROR\u001b[0m","time":"2024-05-16T00:31:13.744+0700","logger":"MYSQL","message":"failed to execute database migrations","error":"Error 1068 (42000): Multiple primary key defined handling 0001.sql"}
{"level":"\u001b[34mINFO\u001b[0m","time":"2024-05-16T00:31:18.763+0700","logger":"MYSQL","message":"database checked/created successfully"}
{"level":"\u001b[31mERROR\u001b[0m","time":"2024-05-16T00:31:18.781+0700","logger":"MYSQL","message":"failed to execute migration","direction":0,"error":"Error 1068 (42000): Multiple primary key defined handling 0001.sql"}
{"level":"\u001b[31mERROR\u001b[0m","time":"2024-05-16T00:31:18.781+0700","logger":"MYSQL","message":"failed to execute database migrations","error":"Error 1068 (42000): Multiple primary key defined handling 0001.sql"}
{"level":"\u001b[34mINFO\u001b[0m","time":"2024-05-16T00:31:23.796+0700","logger":"MYSQL","message":"database checked/created successfully"}
{"level":"\u001b[31mERROR\u001b[0m","time":"2024-05-16T00:31:23.823+0700","logger":"MYSQL","message":"failed to execute migration","direction":0,"error":"Error 1068 (42000): Multiple primary key defined handling 0001.sql"}
{"level":"\u001b[31mERROR\u001b[0m","time":"2024-05-16T00:31:23.824+0700","logger":"MYSQL","message":"failed to execute database migrations","error":"Error 1068 (42000): Multiple primary key defined handling 0001.sql"}
{"level":"\u001b[34mINFO\u001b[0m","time":"2024-05-16T00:31:28.836+0700","logger":"MYSQL","message":"database checked/created successfully"}
{"level":"\u001b[31mERROR\u001b[0m","time":"2024-05-16T00:31:28.854+0700","logger":"MYSQL","message":"failed to execute migration","direction":0,"error":"Error 1068 (42000): Multiple primary key defined handling 0001.sql"}
{"level":"\u001b[31mERROR\u001b[0m","time":"2024-05-16T00:31:28.855+0700","logger":"MYSQL","message":"failed to execute database migrations","error":"Error 1068 (42000): Multiple primary key defined handling 0001.sql"}
{"level":"\u001b[34mINFO\u001b[0m","time":"2024-05-16T00:31:33.871+0700","logger":"MYSQL","message":"database checked/created successfully"}
{"level":"\u001b[31mERROR\u001b[0m","time":"2024-05-16T00:31:33.889+0700","logger":"MYSQL","message":"failed to execute migration","direction":0,"error":"Error 1068 (42000): Multiple primary key defined handling 0001.sql"}
{"level":"\u001b[31mERROR\u001b[0m","time":"2024-05-16T00:31:33.889+0700","logger":"MYSQL","message":"failed to execute database migrations","error":"Error 1068 (42000): Multiple primary key defined handling 0001.sql"}
{"level":"\u001b[34mINFO\u001b[0m","time":"2024-05-16T00:31:38.905+0700","logger":"MYSQL","message":"database checked/created successfully"}
{"level":"\u001b[31mERROR\u001b[0m","time":"2024-05-16T00:31:38.928+0700","logger":"MYSQL","message":"failed to execute migration","direction":0,"error":"Error 1068 (42000): Multiple primary key defined handling 0001.sql"}
{"level":"\u001b[31mERROR\u001b[0m","time":"2024-05-16T00:31:38.928+0700","logger":"MYSQL","message":"failed to execute database migrations","error":"Error 1068 (42000): Multiple primary key defined handling 0001.sql"}
{"level":"\u001b[34mINFO\u001b[0m","time":"2024-05-16T00:31:43.945+0700","logger":"MYSQL","message":"database checked/created successfully"}
{"level":"\u001b[31mERROR\u001b[0m","time":"2024-05-16T00:31:43.962+0700","logger":"MYSQL","message":"failed to execute migration","direction":0,"error":"Error 1068 (42000): Multiple primary key defined handling 0001.sql"}
{"level":"\u001b[31mERROR\u001b[0m","time":"2024-05-16T00:31:43.962+0700","logger":"MYSQL","message":"failed to execute database migrations","error":"Error 1068 (42000): Multiple primary key defined handling 0001.sql"}
{"level":"\u001b[34mINFO\u001b[0m","time":"2024-05-16T00:31:48.975+0700","logger":"MYSQL","message":"database checked/created successfully"}
{"level":"\u001b[31mERROR\u001b[0m","time":"2024-05-16T00:31:48.992+0700","logger":"MYSQL","message":"failed to execute migration","direction":0,"error":"Error 1068 (42000): Multiple primary key defined handling 0001.sql"}
{"level":"\u001b[31mERROR\u001b[0m","time":"2024-05-16T00:31:48.992+0700","logger":"MYSQL","message":"failed to execute database migrations","error":"Error 1068 (42000): Multiple primary key defined handling 0001.sql"}
{"level":"\u001b[34mINFO\u001b[0m","time":"2024-05-16T00:31:54.006+0700","logger":"MYSQL","message":"database checked/created successfully"}
{"level":"\u001b[31mERROR\u001b[0m","time":"2024-05-16T00:31:54.024+0700","logger":"MYSQL","message":"failed to execute migration","direction":0,"error":"Error 1068 (42000): Multiple primary key defined handling 0001.sql"}
{"level":"\u001b[31mERROR\u001b[0m","time":"2024-05-16T00:31:54.024+0700","logger":"MYSQL","message":"failed to execute database migrations","error":"Error 1068 (42000): Multiple primary key defined handling 0001.sql"}
{"level":"\u001b[34mINFO\u001b[0m","time":"2024-05-16T00:31:59.041+0700","logger":"MYSQL","message":"database checked/created successfully"}
{"level":"\u001b[31mERROR\u001b[0m","time":"2024-05-16T00:31:59.061+0700","logger":"MYSQL","message":"failed to execute migration","direction":0,"error":"Error 1068 (42000): Multiple primary key defined handling 0001.sql"}
{"level":"\u001b[31mERROR\u001b[0m","time":"2024-05-16T00:31:59.061+0700","logger":"MYSQL","message":"failed to execute database migrations","error":"Error 1068 (42000): Multiple primary key defined handling 0001.sql"}
{"level":"\u001b[34mINFO\u001b[0m","time":"2024-05-16T00:32:04.076+0700","logger":"MYSQL","message":"database checked/created successfully"}
{"level":"\u001b[31mERROR\u001b[0m","time":"2024-05-16T00:32:04.098+0700","logger":"MYSQL","message":"failed to execute migration","direction":0,"error":"Error 1068 (42000): Multiple primary key defined handling 0001.sql"}
{"level":"\u001b[31mERROR\u001b[0m","time":"2024-05-16T00:32:04.098+0700","logger":"MYSQL","message":"failed to execute database migrations","error":"Error 1068 (42000): Multiple primary key defined handling 0001.sql"}
{"level":"\u001b[34mINFO\u001b[0m","time":"2024-05-16T00:32:09.113+0700","logger":"MYSQL","message":"database checked/created successfully"}
{"level":"\u001b[31mERROR\u001b[0m","time":"2024-05-16T00:32:09.132+0700","logger":"MYSQL","message":"failed to execute migration","direction":0,"error":"Error 1068 (42000): Multiple primary key defined handling 0001.sql"}
{"level":"\u001b[31mERROR\u001b[0m","time":"2024-05-16T00:32:09.133+0700","logger":"MYSQL","message":"failed to execute database migrations","error":"Error 1068 (42000): Multiple primary key defined handling 0001.sql"}
{"level":"\u001b[34mINFO\u001b[0m","time":"2024-05-16T00:32:14.149+0700","logger":"MYSQL","message":"database checked/created successfully"}
{"level":"\u001b[31mERROR\u001b[0m","time":"2024-05-16T00:32:14.167+0700","logger":"MYSQL","message":"failed to execute migration","direction":0,"error":"Error 1068 (42000): Multiple primary key defined handling 0001.sql"}
{"level":"\u001b[31mERROR\u001b[0m","time":"2024-05-16T00:32:14.168+0700","logger":"MYSQL","message":"failed to execute database migrations","error":"Error 1068 (42000): Multiple primary key defined handling 0001.sql"}
{"level":"\u001b[34mINFO\u001b[0m","time":"2024-05-16T00:32:19.187+0700","logger":"MYSQL","message":"database checked/created successfully"}
{"level":"\u001b[31mERROR\u001b[0m","time":"2024-05-16T00:32:19.206+0700","logger":"MYSQL","message":"failed to execute migration","direction":0,"error":"Error 1068 (42000): Multiple primary key defined handling 0001.sql"}
{"level":"\u001b[31mERROR\u001b[0m","time":"2024-05-16T00:32:19.206+0700","logger":"MYSQL","message":"failed to execute database migrations","error":"Error 1068 (42000): Multiple primary key defined handling 0001.sql"}
{"level":"\u001b[34mINFO\u001b[0m","time":"2024-05-16T00:32:24.220+0700","logger":"MYSQL","message":"database checked/created successfully"}
{"level":"\u001b[31mERROR\u001b[0m","time":"2024-05-16T00:32:24.240+0700","logger":"MYSQL","message":"failed to execute migration","direction":0,"error":"Error 1068 (42000): Multiple primary key defined handling 0001.sql"}
{"level":"\u001b[31mERROR\u001b[0m","time":"2024-05-16T00:32:24.240+0700","logger":"MYSQL","message":"failed to execute database migrations","error":"Error 1068 (42000): Multiple primary key defined handling 0001.sql"}
{"level":"\u001b[34mINFO\u001b[0m","time":"2024-05-16T00:32:29.260+0700","logger":"MYSQL","message":"database checked/created successfully"}
{"level":"\u001b[31mERROR\u001b[0m","time":"2024-05-16T00:32:29.271+0700","logger":"MYSQL","message":"failed to execute migration","direction":0,"error":"Error 1068 (42000): Multiple primary key defined handling 0001.sql"}
{"level":"\u001b[31mERROR\u001b[0m","time":"2024-05-16T00:32:29.271+0700","logger":"MYSQL","message":"failed to execute database migrations","error":"Error 1068 (42000): Multiple primary key defined handling 0001.sql"}
{"level":"\u001b[34mINFO\u001b[0m","time":"2024-05-16T00:32:34.286+0700","logger":"MYSQL","message":"database checked/created successfully"}
{"level":"\u001b[31mERROR\u001b[0m","time":"2024-05-16T00:32:34.306+0700","logger":"MYSQL","message":"failed to execute migration","direction":0,"error":"Error 1068 (42000): Multiple primary key defined handling 0001.sql"}
{"level":"\u001b[31mERROR\u001b[0m","time":"2024-05-16T00:32:34.306+0700","logger":"MYSQL","message":"failed to execute database migrations","error":"Error 1068 (42000): Multiple primary key defined handling 0001.sql"}
{"level":"\u001b[34mINFO\u001b[0m","time":"2024-05-16T00:32:39.327+0700","logger":"MYSQL","message":"database checked/created successfully"}
{"level":"\u001b[31mERROR\u001b[0m","time":"2024-05-16T00:32:39.344+0700","logger":"MYSQL","message":"failed to execute migration","direction":0,"error":"Error 1068 (42000): Multiple primary key defined handling 0001.sql"}
{"level":"\u001b[31mERROR\u001b[0m","time":"2024-05-16T00:32:39.345+0700","logger":"MYSQL","message":"failed to execute database migrations","error":"Error 1068 (42000): Multiple primary key defined handling 0001.sql"}
{"level":"\u001b[34mINFO\u001b[0m","time":"2024-05-16T00:32:44.371+0700","logger":"MYSQL","message":"database checked/created successfully"}
{"level":"\u001b[31mERROR\u001b[0m","time":"2024-05-16T00:32:44.390+0700","logger":"MYSQL","message":"failed to execute migration","direction":0,"error":"Error 1068 (42000): Multiple primary key defined handling 0001.sql"}
{"level":"\u001b[31mERROR\u001b[0m","time":"2024-05-16T00:32:44.390+0700","logger":"MYSQL","message":"failed to execute database migrations","error":"Error 1068 (42000): Multiple primary key defined handling 0001.sql"}
{"level":"\u001b[34mINFO\u001b[0m","time":"2024-05-16T00:32:49.003+0700","logger":"MYSQL","message":"database checked/created successfully"}
{"level":"\u001b[31mERROR\u001b[0m","time":"2024-05-16T00:32:49.005+0700","logger":"MYSQL","message":"failed to execute migration","direction":0,"error":"open migrations/: file does not exist"}
{"level":"\u001b[31mERROR\u001b[0m","time":"2024-05-16T00:32:49.005+0700","logger":"MYSQL","message":"failed to execute database migrations","error":"open migrations/: file does not exist"}
{"level":"\u001b[34mINFO\u001b[0m","time":"2024-05-16T00:32:54.021+0700","logger":"MYSQL","message":"database checked/created successfully"}
{"level":"\u001b[31mERROR\u001b[0m","time":"2024-05-16T00:32:54.026+0700","logger":"MYSQL","message":"failed to execute migration","direction":0,"error":"open migrations/: file does not exist"}
{"level":"\u001b[31mERROR\u001b[0m","time":"2024-05-16T00:32:54.026+0700","logger":"MYSQL","message":"failed to execute database migrations","error":"open migrations/: file does not exist"}
{"level":"\u001b[34mINFO\u001b[0m","time":"2024-05-16T00:32:59.041+0700","logger":"MYSQL","message":"database checked/created successfully"}
{"level":"\u001b[31mERROR\u001b[0m","time":"2024-05-16T00:32:59.047+0700","logger":"MYSQL","message":"failed to execute migration","direction":0,"error":"open migrations/: file does not exist"}
{"level":"\u001b[31mERROR\u001b[0m","time":"2024-05-16T00:32:59.047+0700","logger":"MYSQL","message":"failed to execute database migrations","error":"open migrations/: file does not exist"}
{"level":"\u001b[34mINFO\u001b[0m","time":"2024-05-16T00:33:04.060+0700","logger":"MYSQL","message":"database checked/created successfully"}
{"level":"\u001b[31mERROR\u001b[0m","time":"2024-05-16T00:33:04.066+0700","logger":"MYSQL","message":"failed to execute migration","direction":0,"error":"open migrations/: file does not exist"}
{"level":"\u001b[31mERROR\u001b[0m","time":"2024-05-16T00:33:04.066+0700","logger":"MYSQL","message":"failed to execute database migrations","error":"open migrations/: file does not exist"}
{"level":"\u001b[34mINFO\u001b[0m","time":"2024-05-16T00:33:09.083+0700","logger":"MYSQL","message":"database checked/created successfully"}
{"level":"\u001b[31mERROR\u001b[0m","time":"2024-05-16T00:33:09.087+0700","logger":"MYSQL","message":"failed to execute migration","direction":0,"error":"open migrations/: file does not exist"}
{"level":"\u001b[31mERROR\u001b[0m","time":"2024-05-16T00:33:09.087+0700","logger":"MYSQL","message":"failed to execute database migrations","error":"open migrations/: file does not exist"}
{"level":"\u001b[34mINFO\u001b[0m","time":"2024-05-16T00:33:14.101+0700","logger":"MYSQL","message":"database checked/created successfully"}
{"level":"\u001b[31mERROR\u001b[0m","time":"2024-05-16T00:33:14.104+0700","logger":"MYSQL","message":"failed to execute migration","direction":0,"error":"open migrations/: file does not exist"}
{"level":"\u001b[31mERROR\u001b[0m","time":"2024-05-16T00:33:14.104+0700","logger":"MYSQL","message":"failed to execute database migrations","error":"open migrations/: file does not exist"}
{"level":"\u001b[34mINFO\u001b[0m","time":"2024-05-16T00:33:19.923+0700","logger":"MYSQL","message":"database checked/created successfully"}
{"level":"\u001b[31mERROR\u001b[0m","time":"2024-05-16T00:33:19.932+0700","logger":"MYSQL","message":"failed to execute migration","direction":0,"error":"Error 1068 (42000): Multiple primary key defined handling 0001.sql"}
{"level":"\u001b[31mERROR\u001b[0m","time":"2024-05-16T00:33:19.932+0700","logger":"MYSQL","message":"failed to execute database migrations","error":"Error 1068 (42000): Multiple primary key defined handling 0001.sql"}
{"level":"\u001b[34mINFO\u001b[0m","time":"2024-05-16T00:33:24.943+0700","logger":"MYSQL","message":"database checked/created successfully"}
{"level":"\u001b[31mERROR\u001b[0m","time":"2024-05-16T00:33:24.958+0700","logger":"MYSQL","message":"failed to execute migration","direction":0,"error":"Error 1068 (42000): Multiple primary key defined handling 0001.sql"}
{"level":"\u001b[31mERROR\u001b[0m","time":"2024-05-16T00:33:24.959+0700","logger":"MYSQL","message":"failed to execute database migrations","error":"Error 1068 (42000): Multiple primary key defined handling 0001.sql"}
{"level":"\u001b[34mINFO\u001b[0m","time":"2024-05-16T00:33:29.976+0700","logger":"MYSQL","message":"database checked/created successfully"}
{"level":"\u001b[31mERROR\u001b[0m","time":"2024-05-16T00:33:29.995+0700","logger":"MYSQL","message":"failed to execute migration","direction":0,"error":"Error 1068 (42000): Multiple primary key defined handling 0001.sql"}
{"level":"\u001b[31mERROR\u001b[0m","time":"2024-05-16T00:33:29.996+0700","logger":"MYSQL","message":"failed to execute database migrations","error":"Error 1068 (42000): Multiple primary key defined handling 0001.sql"}
{"level":"\u001b[34mINFO\u001b[0m","time":"2024-05-16T00:33:35.008+0700","logger":"MYSQL","message":"database checked/created successfully"}
{"level":"\u001b[31mERROR\u001b[0m","time":"2024-05-16T00:33:35.027+0700","logger":"MYSQL","message":"failed to execute migration","direction":0,"error":"Error 1068 (42000): Multiple primary key defined handling 0001.sql"}
{"level":"\u001b[31mERROR\u001b[0m","time":"2024-05-16T00:33:35.027+0700","logger":"MYSQL","message":"failed to execute database migrations","error":"Error 1068 (42000): Multiple primary key defined handling 0001.sql"}
{"level":"\u001b[34mINFO\u001b[0m","time":"2024-05-16T00:33:40.039+0700","logger":"MYSQL","message":"database checked/created successfully"}
{"level":"\u001b[31mERROR\u001b[0m","time":"2024-05-16T00:33:40.050+0700","logger":"MYSQL","message":"failed to execute migration","direction":0,"error":"Error 1068 (42000): Multiple primary key defined handling 0001.sql"}
{"level":"\u001b[31mERROR\u001b[0m","time":"2024-05-16T00:33:40.050+0700","logger":"MYSQL","message":"failed to execute database migrations","error":"Error 1068 (42000): Multiple primary key defined handling 0001.sql"}
{"level":"\u001b[34mINFO\u001b[0m","time":"2024-05-16T00:33:45.066+0700","logger":"MYSQL","message":"database checked/created successfully"}
{"level":"\u001b[31mERROR\u001b[0m","time":"2024-05-16T00:33:45.083+0700","logger":"MYSQL","message":"failed to execute migration","direction":0,"error":"Error 1068 (42000): Multiple primary key defined handling 0001.sql"}
{"level":"\u001b[31mERROR\u001b[0m","time":"2024-05-16T00:33:45.083+0700","logger":"MYSQL","message":"failed to execute database migrations","error":"Error 1068 (42000): Multiple primary key defined handling 0001.sql"}
{"level":"\u001b[34mINFO\u001b[0m","time":"2024-05-16T00:33:50.096+0700","logger":"MYSQL","message":"database checked/created successfully"}
{"level":"\u001b[31mERROR\u001b[0m","time":"2024-05-16T00:33:50.111+0700","logger":"MYSQL","message":"failed to execute migration","direction":0,"error":"Error 1068 (42000): Multiple primary key defined handling 0001.sql"}
{"level":"\u001b[31mERROR\u001b[0m","time":"2024-05-16T00:33:50.112+0700","logger":"MYSQL","message":"failed to execute database migrations","error":"Error 1068 (42000): Multiple primary key defined handling 0001.sql"}
{"level":"\u001b[34mINFO\u001b[0m","time":"2024-05-16T00:33:55.126+0700","logger":"MYSQL","message":"database checked/created successfully"}
{"level":"\u001b[31mERROR\u001b[0m","time":"2024-05-16T00:33:55.146+0700","logger":"MYSQL","message":"failed to execute migration","direction":0,"error":"Error 1068 (42000): Multiple primary key defined handling 0001.sql"}
{"level":"\u001b[31mERROR\u001b[0m","time":"2024-05-16T00:33:55.146+0700","logger":"MYSQL","message":"failed to execute database migrations","error":"Error 1068 (42000): Multiple primary key defined handling 0001.sql"}
{"level":"\u001b[34mINFO\u001b[0m","time":"2024-05-16T00:34:00.161+0700","logger":"MYSQL","message":"database checked/created successfully"}
{"level":"\u001b[31mERROR\u001b[0m","time":"2024-05-16T00:34:00.187+0700","logger":"MYSQL","message":"failed to execute migration","direction":0,"error":"Error 1068 (42000): Multiple primary key defined handling 0001.sql"}
{"level":"\u001b[31mERROR\u001b[0m","time":"2024-05-16T00:34:00.187+0700","logger":"MYSQL","message":"failed to execute database migrations","error":"Error 1068 (42000): Multiple primary key defined handling 0001.sql"}
{"level":"\u001b[34mINFO\u001b[0m","time":"2024-05-16T00:34:05.193+0700","logger":"MYSQL","message":"database checked/created successfully"}
{"level":"\u001b[31mERROR\u001b[0m","time":"2024-05-16T00:34:05.214+0700","logger":"MYSQL","message":"failed to execute migration","direction":0,"error":"Error 1068 (42000): Multiple primary key defined handling 0001.sql"}
{"level":"\u001b[31mERROR\u001b[0m","time":"2024-05-16T00:34:05.214+0700","logger":"MYSQL","message":"failed to execute database migrations","error":"Error 1068 (42000): Multiple primary key defined handling 0001.sql"}
{"level":"\u001b[34mINFO\u001b[0m","time":"2024-05-16T00:34:10.234+0700","logger":"MYSQL","message":"database checked/created successfully"}
{"level":"\u001b[31mERROR\u001b[0m","time":"2024-05-16T00:34:10.243+0700","logger":"MYSQL","message":"failed to execute migration","direction":0,"error":"Error 1068 (42000): Multiple primary key defined handling 0001.sql"}
{"level":"\u001b[31mERROR\u001b[0m","time":"2024-05-16T00:34:10.243+0700","logger":"MYSQL","message":"failed to execute database migrations","error":"Error 1068 (42000): Multiple primary key defined handling 0001.sql"}
{"level":"\u001b[34mINFO\u001b[0m","time":"2024-05-16T00:34:15.252+0700","logger":"MYSQL","message":"database checked/created successfully"}
{"level":"\u001b[31mERROR\u001b[0m","time":"2024-05-16T00:34:15.271+0700","logger":"MYSQL","message":"failed to execute migration","direction":0,"error":"Error 1068 (42000): Multiple primary key defined handling 0001.sql"}
{"level":"\u001b[31mERROR\u001b[0m","time":"2024-05-16T00:34:15.271+0700","logger":"MYSQL","message":"failed to execute database migrations","error":"Error 1068 (42000): Multiple primary key defined handling 0001.sql"}
{"level":"\u001b[34mINFO\u001b[0m","time":"2024-05-16T00:34:20.279+0700","logger":"MYSQL","message":"database checked/created successfully"}
{"level":"\u001b[31mERROR\u001b[0m","time":"2024-05-16T00:34:20.298+0700","logger":"MYSQL","message":"failed to execute migration","direction":0,"error":"Error 1068 (42000): Multiple primary key defined handling 0001.sql"}
{"level":"\u001b[31mERROR\u001b[0m","time":"2024-05-16T00:34:20.298+0700","logger":"MYSQL","message":"failed to execute database migrations","error":"Error 1068 (42000): Multiple primary key defined handling 0001.sql"}
{"level":"\u001b[34mINFO\u001b[0m","time":"2024-05-16T00:34:25.313+0700","logger":"MYSQL","message":"database checked/created successfully"}
{"level":"\u001b[31mERROR\u001b[0m","time":"2024-05-16T00:34:25.331+0700","logger":"MYSQL","message":"failed to execute migration","direction":0,"error":"Error 1068 (42000): Multiple primary key defined handling 0001.sql"}
{"level":"\u001b[31mERROR\u001b[0m","time":"2024-05-16T00:34:25.331+0700","logger":"MYSQL","message":"failed to execute database migrations","error":"Error 1068 (42000): Multiple primary key defined handling 0001.sql"}
{"level":"\u001b[34mINFO\u001b[0m","time":"2024-05-16T00:34:30.345+0700","logger":"MYSQL","message":"database checked/created successfully"}
{"level":"\u001b[31mERROR\u001b[0m","time":"2024-05-16T00:34:30.363+0700","logger":"MYSQL","message":"failed to execute migration","direction":0,"error":"Error 1068 (42000): Multiple primary key defined handling 0001.sql"}
{"level":"\u001b[31mERROR\u001b[0m","time":"2024-05-16T00:34:30.363+0700","logger":"MYSQL","message":"failed to execute database migrations","error":"Error 1068 (42000): Multiple primary key defined handling 0001.sql"}
{"level":"\u001b[34mINFO\u001b[0m","time":"2024-05-16T00:34:35.375+0700","logger":"MYSQL","message":"database checked/created successfully"}
{"level":"\u001b[31mERROR\u001b[0m","time":"2024-05-16T00:34:35.394+0700","logger":"MYSQL","message":"failed to execute migration","direction":0,"error":"Error 1068 (42000): Multiple primary key defined handling 0001.sql"}
{"level":"\u001b[31mERROR\u001b[0m","time":"2024-05-16T00:34:35.394+0700","logger":"MYSQL","message":"failed to execute database migrations","error":"Error 1068 (42000): Multiple primary key defined handling 0001.sql"}
{"level":"\u001b[34mINFO\u001b[0m","time":"2024-05-16T00:34:37.569+0700","logger":"MYSQL","message":"database checked/created successfully"}
{"level":"\u001b[31mERROR\u001b[0m","time":"2024-05-16T00:34:37.578+0700","logger":"MYSQL","message":"failed to execute migration","direction":0,"error":"Error 1068 (42000): Multiple primary key defined handling 0001.sql"}
{"level":"\u001b[31mERROR\u001b[0m","time":"2024-05-16T00:34:37.578+0700","logger":"MYSQL","message":"failed to execute database migrations","error":"Error 1068 (42000): Multiple primary key defined handling 0001.sql"}
{"level":"\u001b[34mINFO\u001b[0m","time":"2024-05-16T00:34:42.593+0700","logger":"MYSQL","message":"database checked/created successfully"}
{"level":"\u001b[31mERROR\u001b[0m","time":"2024-05-16T00:34:42.612+0700","logger":"MYSQL","message":"failed to execute migration","direction":0,"error":"Error 1068 (42000): Multiple primary key defined handling 0001.sql"}
{"level":"\u001b[31mERROR\u001b[0m","time":"2024-05-16T00:34:42.612+0700","logger":"MYSQL","message":"failed to execute database migrations","error":"Error 1068 (42000): Multiple primary key defined handling 0001.sql"}
{"level":"\u001b[34mINFO\u001b[0m","time":"2024-05-16T00:35:57.069+0700","logger":"MYSQL","message":"database checked/created successfully"}
{"level":"\u001b[34mINFO\u001b[0m","time":"2024-05-16T00:35:57.187+0700","logger":"MYSQL","message":"successfully executed database migrations","direction":0,"migration_count":1}
{"level":"\u001b[34mINFO\u001b[0m","time":"2024-05-16T00:35:57.187+0700","logger":"gRPC","message":"starting grpc server","address":"0.0.0.0:8080"}
{"level":"\u001b[34mINFO\u001b[0m","time":"2024-05-16T00:36:42.584+0700","logger":"MYSQL","message":"database checked/created successfully"}
{"level":"\u001b[34mINFO\u001b[0m","time":"2024-05-16T00:36:42.596+0700","logger":"MYSQL","message":"successfully executed database migrations","direction":0,"migration_count":0}
{"level":"\u001b[34mINFO\u001b[0m","time":"2024-05-16T00:36:42.597+0700","logger":"gRPC","message":"starting grpc server","address":"0.0.0.0:8080"}
